<?xml version="1.0" encoding="UTF-8"?>
<!-- Generated by org.testng.reporters.JUnitReportReporter -->
<testsuite skipped="0" hostname="DESKTOP-639U8PE" name="com.org.selenuimGitMaven.com.org.myMavenProject.Login1Test" tests="1" failures="0" timestamp="29 Dec 2018 12:33:18 GMT" time="0.020" errors="0">
  <testcase name="loginTest" time="0.020" classname="com.org.selenuimGitMaven.com.org.myMavenProject.Login1Test"/>
</testsuite> <!-- com.org.selenuimGitMaven.com.org.myMavenProject.Login1Test -->
